This file contains any messages produced by compilers while
running configure, to aid debugging if configure makes a mistake.

It was created by configure, which was
generated by GNU Autoconf 2.52.20231210.  Invocation command line was

  $ ./configure 

## ---------- ##
## Platform.  ##
## ---------- ##

hostname = kali
uname -m = x86_64
uname -r = 6.3.0-kali1-amd64
uname -s = Linux
uname -v = #1 SMP PREEMPT_DYNAMIC Debian 6.3.7-1kali1 (2023-06-29)

/usr/bin/uname -p = unknown
/bin/uname -X     = unknown

/bin/arch              = x86_64
/usr/bin/arch -k       = unknown
/usr/convex/getsysinfo = unknown
hostinfo               = unknown
/bin/machine           = unknown
/usr/bin/oslevel       = unknown
/bin/universe          = unknown

PATH = /usr/local/sbin:/usr/local/bin:/usr/sbin:/usr/bin:/sbin:/bin:/usr/local/games:/usr/games

## ------------ ##
## Core tests.  ##
## ------------ ##

configure:1031: PATH=".;."; conftest.sh
./configure: 1032: conftest.sh: not found
configure:1034: $? = 127
configure:1076: checking build system type
configure:1094: result: x86_64-pc-linux-gnu
configure:1102: checking host system type
configure:1116: result: x86_64-pc-linux-gnu
configure:1142: result: Configuring for linux-gnu
configure:1154: checking for package version
configure:1175: result: 5.0
configure:1178: checking for package patch date
configure:1195: result: 20240331
configure:1206: testing ABI VERSION 6:3:4 ...
configure:1210: testing VERSION_MAJOR 5 ...
configure:1214: testing VERSION_MINOR 0 ...
configure:1218: testing VERSION_PATCH 20240331 ...
configure:1283: checking for gcc
configure:1298: found /usr/bin/gcc
configure:1306: result: gcc
configure:1534: checking for C compiler version
configure:1537: gcc --version </dev/null >&5
gcc (Debian 13.1.0-6) 13.1.0
Copyright (C) 2023 Free Software Foundation, Inc.
This is free software; see the source for copying conditions.  There is NO
warranty; not even for MERCHANTABILITY or FITNESS FOR A PARTICULAR PURPOSE.

configure:1540: $? = 0
configure:1542: gcc -v </dev/null >&5
Using built-in specs.
COLLECT_GCC=gcc
COLLECT_LTO_WRAPPER=/usr/libexec/gcc/x86_64-linux-gnu/13/lto-wrapper
OFFLOAD_TARGET_NAMES=nvptx-none:amdgcn-amdhsa
OFFLOAD_TARGET_DEFAULT=1
Target: x86_64-linux-gnu
Configured with: ../src/configure -v --with-pkgversion='Debian 13.1.0-6' --with-bugurl=file:///usr/share/doc/gcc-13/README.Bugs --enable-languages=c,ada,c++,go,d,fortran,objc,obj-c++,m2,rust --prefix=/usr --with-gcc-major-version-only --program-suffix=-13 --program-prefix=x86_64-linux-gnu- --enable-shared --enable-linker-build-id --libexecdir=/usr/libexec --without-included-gettext --enable-threads=posix --libdir=/usr/lib --enable-nls --enable-bootstrap --enable-clocale=gnu --enable-libstdcxx-debug --enable-libstdcxx-time=yes --with-default-libstdcxx-abi=new --enable-gnu-unique-object --disable-vtable-verify --enable-plugin --enable-default-pie --with-system-zlib --enable-libphobos-checking=release --with-target-system-zlib=auto --enable-objc-gc=auto --enable-multiarch --disable-werror --enable-cet --with-arch-32=i686 --with-abi=m64 --with-multilib-list=m32,m64,mx32 --enable-multilib --with-tune=generic --enable-offload-targets=nvptx-none=/build/gcc-13-6ubGAB/gcc-13-13.1.0/debian/tmp-nvptx/usr,amdgcn-amdhsa=/build/gcc-13-6ubGAB/gcc-13-13.1.0/debian/tmp-gcn/usr --enable-offload-defaulted --without-cuda-driver --enable-checking=release --build=x86_64-linux-gnu --host=x86_64-linux-gnu --target=x86_64-linux-gnu --with-build-config=bootstrap-lto-lean --enable-link-serialization=2
Thread model: posix
Supported LTO compression algorithms: zlib zstd
gcc version 13.1.0 (Debian 13.1.0-6) 
configure:1545: $? = 0
configure:1547: gcc -V </dev/null >&5
gcc: error: unrecognized command-line option '-V'
gcc: fatal error: no input files
compilation terminated.
configure:1550: $? = 1
configure:1570: checking for C compiler default output
configure:1573: gcc    conftest.c  >&5
configure:1576: $? = 0
configure:1605: result: a.out
configure:1610: checking whether the C compiler works
configure:1616: ./a.out
configure:1619: $? = 0
configure:1634: result: yes
configure:1641: checking whether we are cross compiling
configure:1643: result: no
configure:1646: checking for executable suffix
configure:1648: gcc -o conftest    conftest.c  >&5
configure:1651: $? = 0
configure:1673: result: 
configure:1679: checking for object suffix
configure:1697: gcc -c   conftest.c >&5
configure:1700: $? = 0
configure:1719: result: o
configure:1723: checking whether we are using the GNU C compiler
configure:1744: gcc -c   conftest.c >&5
configure:1747: $? = 0
configure:1750: test -s conftest.o
configure:1753: $? = 0
configure:1765: result: yes
configure:1771: checking whether gcc accepts -g
configure:1789: gcc -c -g  conftest.c >&5
configure:1792: $? = 0
configure:1795: test -s conftest.o
configure:1798: $? = 0
configure:1808: result: yes
configure:1835: gcc -c -g -O2  conftest.c >&5
conftest.c:2:3: error: unknown type name 'choke'
    2 |   choke me
      |   ^~~~~
conftest.c:2:3: error: expected '=', ',', ';', 'asm' or '__attribute__' at end of input
configure:1838: $? = 1
configure: failed program was:
#ifndef __cplusplus
  choke me
#endif
configure:1939: checking version of gcc
configure:1943: result: 13.1.0
configure:1952: checking if this is really Intel C compiler
configure:1974: gcc -c -g -O2 -no-gcc  conftest.c >&5
gcc: error: unrecognized command-line option '-no-gcc'
configure:1977: $? = 1
configure: failed program was:
#line 1957 "configure"
#include "confdefs.h"

int
main (void)
{

#ifdef __INTEL_COMPILER
#else
#error __INTEL_COMPILER is not defined
#endif

  ;
  return 0;
}
configure:1994: result: no
configure:2003: checking if this is really Clang C compiler
configure:2024: gcc -c -g -O2  conftest.c >&5
configure: In function 'main':
configure:2015:2: error: #error __clang__ is not defined
 2015 | #else
      |  ^~~~ 
configure:2027: $? = 1
configure: failed program was:
#line 2007 "configure"
#include "confdefs.h"

int
main (void)
{

#ifdef __clang__
#else
#error __clang__ is not defined
#endif

  ;
  return 0;
}
configure:2043: result: no
configure:2124: checking for gcc option to accept ANSI C
configure:2179: gcc  -c -g -O2  conftest.c >&5
configure:2182: $? = 0
configure:2185: test -s conftest.o
configure:2188: $? = 0
configure:2205: result: none needed
configure:2216: checking $CFLAGS variable
configure:2330: result: ok
configure:2335: checking $CC variable
configure:2470: result: ok
configure:2479: checking for ggrep
configure:2505: result: no
configure:2479: checking for grep
configure:2494: found /usr/bin/grep
configure:2502: result: grep
configure:2513: checking for egrep
configure:2569: result: grep -E
configure:2579: checking how to run the C preprocessor
configure:2605: gcc -E  conftest.c
configure:2611: $? = 0
configure:2638: gcc -E  conftest.c
configure:2635:10: fatal error: ac_nonexistent.h: No such file or directory
 2635 | #include "confdefs.h"
      |          ^~~~~~~~~~~~      
compilation terminated.
configure:2644: $? = 1
configure: failed program was:
#line 2634 "configure"
#include "confdefs.h"
#include <ac_nonexistent.h>
configure:2681: result: gcc -E
configure:2696: gcc -E  conftest.c
configure:2702: $? = 0
configure:2729: gcc -E  conftest.c
configure:2726:10: fatal error: ac_nonexistent.h: No such file or directory
 2726 | #include "confdefs.h"
      |          ^~~~~~~~~~~~      
compilation terminated.
configure:2735: $? = 1
configure: failed program was:
#line 2725 "configure"
#include "confdefs.h"
#include <ac_nonexistent.h>
configure:2813: checking for ranlib
configure:2828: found /usr/bin/ranlib
configure:2837: result: ranlib
configure:2861: checking for a BSD compatible install
configure:2910: result: /usr/bin/install -c
configure:2921: checking whether ln -s works
configure:2925: result: yes
configure:2932: checking if ln -s -f options work
configure:2944: result: yes
configure:2953: checking for lint
configure:2979: result: no
configure:2953: checking for cppcheck
configure:2979: result: no
configure:2953: checking for splint
configure:2979: result: no
configure:3030: checking for ar
configure:3045: found /usr/bin/ar
configure:3054: result: ar
configure:3066: checking whether make sets ${MAKE}
configure:3086: result: yes
configure:3095: checking for fgrep
configure:3151: result: grep -F
configure:3155: checking for makeflags variable
configure:3193: result: 
configure:3196: checking for ".PHONY" make-support
** making always.out 1
echo 1 > always.out
** making always 1
** making once.out 1
echo 1 > once.out
** making once 1
make: Nothing to be done for 'always'.
touch once
** making always.out 2
echo 2 > always.out
** making always 2
** making once.out 2
echo 2 > once.out
** making once 2
make: Nothing to be done for 'always'.
touch once
** making always.out 3
echo 3 > always.out
** making always 3
** making once.out 3
echo 3 > once.out
** making once 3
make: Nothing to be done for 'always'.
touch once
configure:3251: result: yes
configure:3258: checking if filesystem supports mixed-case filenames
configure:3285: result: yes
configure:3296: checking for exctags
configure:3322: result: no
configure:3296: checking for ctags
configure:3322: result: no
configure:3333: checking for exetags
configure:3359: result: no
configure:3333: checking for etags
configure:3359: result: no
configure:3368: checking for ctags
configure:3392: result: no
configure:3402: checking for etags
configure:3426: result: no
configure:3449: checking for ANSI C header files
configure:3463: gcc -E  conftest.c
configure:3469: $? = 0
configure:3556: gcc -o conftest -g -O2   conftest.c  >&5
configure:3559: $? = 0
configure:3561: ./conftest
configure:3564: $? = 0
configure:3577: result: yes
configure:3593: checking for sys/types.h
configure:3605: gcc -c -g -O2  conftest.c >&5
configure:3608: $? = 0
configure:3611: test -s conftest.o
configure:3614: $? = 0
configure:3624: result: yes
configure:3593: checking for sys/stat.h
configure:3605: gcc -c -g -O2  conftest.c >&5
configure:3608: $? = 0
configure:3611: test -s conftest.o
configure:3614: $? = 0
configure:3624: result: yes
configure:3593: checking for stdlib.h
configure:3605: gcc -c -g -O2  conftest.c >&5
configure:3608: $? = 0
configure:3611: test -s conftest.o
configure:3614: $? = 0
configure:3624: result: yes
configure:3593: checking for string.h
configure:3605: gcc -c -g -O2  conftest.c >&5
configure:3608: $? = 0
configure:3611: test -s conftest.o
configure:3614: $? = 0
configure:3624: result: yes
configure:3593: checking for memory.h
configure:3605: gcc -c -g -O2  conftest.c >&5
configure:3608: $? = 0
configure:3611: test -s conftest.o
configure:3614: $? = 0
configure:3624: result: yes
configure:3593: checking for strings.h
configure:3605: gcc -c -g -O2  conftest.c >&5
configure:3608: $? = 0
configure:3611: test -s conftest.o
configure:3614: $? = 0
configure:3624: result: yes
configure:3593: checking for inttypes.h
configure:3605: gcc -c -g -O2  conftest.c >&5
configure:3608: $? = 0
configure:3611: test -s conftest.o
configure:3614: $? = 0
configure:3624: result: yes
configure:3593: checking for stdint.h
configure:3605: gcc -c -g -O2  conftest.c >&5
configure:3608: $? = 0
configure:3611: test -s conftest.o
configure:3614: $? = 0
configure:3624: result: yes
configure:3593: checking for unistd.h
configure:3605: gcc -c -g -O2  conftest.c >&5
configure:3608: $? = 0
configure:3611: test -s conftest.o
configure:3614: $? = 0
configure:3624: result: yes
configure:3634: checking whether exit is declared
configure:3655: gcc -c -g -O2  conftest.c >&5
configure:3658: $? = 0
configure:3661: test -s conftest.o
configure:3664: $? = 0
configure:3674: result: yes
configure:3677: checking if the POSIX test-macros are already defined
configure:3703: gcc -c -g -O2  conftest.c >&5
configure:3706: $? = 0
configure:3709: test -s conftest.o
configure:3712: $? = 0
configure:3723: result: no
configure:3765: checking if this is the GNU C library
configure:3791: gcc -c -g -O2  conftest.c >&5
configure:3794: $? = 0
configure:3797: test -s conftest.o
configure:3800: $? = 0
configure:3811: result: yes
configure:3819: checking if _DEFAULT_SOURCE can be used as a basis
configure:3850: gcc -c -g -O2 -D_DEFAULT_SOURCE conftest.c >&5
configure:3853: $? = 0
configure:3856: test -s conftest.o
configure:3859: $? = 0
configure:3871: result: yes
configure:3876: checking if _XOPEN_SOURCE=500 works with _DEFAULT_SOURCE
configure:4001: gcc -c -g -O2 -D_DEFAULT_SOURCE -D_XOPEN_SOURCE=500 conftest.c >&5
configure:4004: $? = 0
configure:4007: test -s conftest.o
configure:4010: $? = 0
configure:4021: result: yes
configure:5276: checking if _XOPEN_SOURCE really is set
configure:5294: gcc -c -g -O2 -D_DEFAULT_SOURCE -D_XOPEN_SOURCE=500 conftest.c >&5
configure:5297: $? = 0
configure:5300: test -s conftest.o
configure:5303: $? = 0
configure:5312: result: yes
configure:5332: gcc -c -g -O2 -D_DEFAULT_SOURCE -D_XOPEN_SOURCE=500 conftest.c >&5
configure:5335: $? = 0
configure:5338: test -s conftest.o
configure:5341: $? = 0
configure:5592: checking if you want to see long compiling messages
configure:5626: result: yes
configure:5679: checking for specific curses-directory
configure:5689: result: no
configure:6929: checking if you want to use C11 _Noreturn feature
configure:6946: result: no
configure:7160: checking if you want to turn on gcc warnings
configure:7177: result: no
configure:7549: checking if you want to use pkg-config
configure:7559: result: yes
configure:7611: checking for pkg-config
configure:7640: result: none
configure:7693: WARNING: pkg-config is not installed
configure:7697: checking if rpath option should be used
configure:7707: result: no
configure:7808: checking if rpath-hack should be disabled
configure:7826: result: no
configure:7831: checking for updated LDFLAGS
configure:8057: result: no
configure:8063: checking if -fPIC option is needed in CFLAGS
configure:8089: gcc -c -g -O2 -D_DEFAULT_SOURCE -D_XOPEN_SOURCE=500 conftest.c >&5
configure:8092: $? = 0
configure:8117: result: no
configure:8325: checking if libtool -version-number should be used
configure:8342: result: yes
configure:8391: checking if you want to build libraries with libtool
configure:8401: result: no
configure:8761: checking if you want to build shared libraries
configure:8771: result: no
configure:9689: checking if you want to use dmalloc for testing
configure:9711: result: no
configure:9926: checking if you want to use dbmalloc for testing
configure:9948: result: no
configure:10163: checking if you want to use valgrind for testing
configure:10185: result: no
configure:10298: checking if you want to perform memory-leak testing
configure:10309: result: no
configure:10327: checking for dirent.h that defines DIR
configure:10348: gcc -c -g -O2 -D_DEFAULT_SOURCE -D_XOPEN_SOURCE=500 conftest.c >&5
configure:10351: $? = 0
configure:10354: test -s conftest.o
configure:10357: $? = 0
configure:10367: result: yes
configure:10380: checking for opendir in -ldir
configure:10407: gcc -o conftest -g -O2 -D_DEFAULT_SOURCE -D_XOPEN_SOURCE=500  conftest.c -ldir   >&5
/usr/bin/ld: cannot find -ldir: No such file or directory
collect2: error: ld returned 1 exit status
configure:10410: $? = 1
configure: failed program was:
#line 10388 "configure"
#include "confdefs.h"

/* Override any gcc2 internal prototype to avoid an error.  */
#ifdef __cplusplus
extern "C"
#endif
/* We use char because int might match the return type of a gcc2
   builtin and then its argument prototype would still apply.  */
char opendir (void);
int
main (void)
{
opendir ();
  ;
  return 0;
}
configure:10427: result: no
configure:10496: checking for limits.h
configure:10506: gcc -E -D_DEFAULT_SOURCE -D_XOPEN_SOURCE=500 conftest.c
configure:10512: $? = 0
configure:10531: result: yes
configure:10496: checking for pwd.h
configure:10506: gcc -E -D_DEFAULT_SOURCE -D_XOPEN_SOURCE=500 conftest.c
configure:10512: $? = 0
configure:10531: result: yes
configure:10496: checking for grp.h
configure:10506: gcc -E -D_DEFAULT_SOURCE -D_XOPEN_SOURCE=500 conftest.c
configure:10512: $? = 0
configure:10531: result: yes
configure:10541: checking for mode_t
configure:10562: gcc -c -g -O2 -D_DEFAULT_SOURCE -D_XOPEN_SOURCE=500 conftest.c >&5
configure:10565: $? = 0
configure:10568: test -s conftest.o
configure:10571: $? = 0
configure:10581: result: yes
configure:10593: checking whether struct tm is in sys/time.h or time.h
configure:10613: gcc -c -g -O2 -D_DEFAULT_SOURCE -D_XOPEN_SOURCE=500 conftest.c >&5
configure:10616: $? = 0
configure:10619: test -s conftest.o
configure:10622: $? = 0
configure:10632: result: time.h
configure:10642: checking for extra include directories
configure:10668: result: no
configure:10678: checking if we have identified curses headers
configure:10702: gcc -c -g -O2 -D_DEFAULT_SOURCE -D_XOPEN_SOURCE=500 conftest.c >&5
configure:10705: $? = 0
configure:10708: test -s conftest.o
configure:10711: $? = 0
configure:10722: result: ncurses.h
configure:10736: checking for ncurses.h
configure:10746: gcc -E -D_DEFAULT_SOURCE -D_XOPEN_SOURCE=500 conftest.c
configure:10752: $? = 0
configure:10771: result: yes
configure:10781: checking for terminfo header
configure:10814: gcc -c -g -O2 -D_DEFAULT_SOURCE -D_XOPEN_SOURCE=500 conftest.c >&5
configure:10817: $? = 0
configure:10820: test -s conftest.o
configure:10823: $? = 0
configure:10839: result: term.h
configure:10871: checking for chtype typedef
configure:10890: gcc -c -g -O2 -D_DEFAULT_SOURCE -D_XOPEN_SOURCE=500 conftest.c >&5
configure:10893: $? = 0
configure:10896: test -s conftest.o
configure:10899: $? = 0
configure:10909: result: yes
configure:10917: checking if chtype is scalar or struct
configure:10936: gcc -c -g -O2 -D_DEFAULT_SOURCE -D_XOPEN_SOURCE=500 conftest.c >&5
configure:10939: $? = 0
configure:10942: test -s conftest.o
configure:10945: $? = 0
configure:10955: result: scalar
configure:10969: checking for unistd.h
configure:11004: result: yes
configure:10969: checking for getopt.h
configure:10979: gcc -E -D_DEFAULT_SOURCE -D_XOPEN_SOURCE=500 conftest.c
configure:10985: $? = 0
configure:11004: result: yes
configure:11014: checking for header declaring getopt variables
configure:11037: gcc -c -g -O2 -D_DEFAULT_SOURCE -D_XOPEN_SOURCE=500 conftest.c >&5
configure: In function 'main':
configure:11030:9: error: 'optind' undeclared (first use in this function)
11030 | {
      |         ^     
configure:11030:9: note: each undeclared identifier is reported only once for each function it appears in
configure:11030:27: error: 'optarg' undeclared (first use in this function)
11030 | {
      |                           ^     
configure:11040: $? = 1
configure: failed program was:
#line 11024 "configure"
#include "confdefs.h"

#include <stdio.h>
int
main (void)
{
int x = optind; char *y = optarg; (void)x; (void)y
  ;
  return 0;
}
configure:11037: gcc -c -g -O2 -D_DEFAULT_SOURCE -D_XOPEN_SOURCE=500 conftest.c >&5
configure: In function 'main':
configure:11030:9: error: 'optind' undeclared (first use in this function)
11030 | {
      |         ^     
configure:11030:9: note: each undeclared identifier is reported only once for each function it appears in
configure:11030:27: error: 'optarg' undeclared (first use in this function)
11030 | {
      |                           ^     
configure:11040: $? = 1
configure: failed program was:
#line 11024 "configure"
#include "confdefs.h"

#include <stdlib.h>
int
main (void)
{
int x = optind; char *y = optarg; (void)x; (void)y
  ;
  return 0;
}
configure:11037: gcc -c -g -O2 -D_DEFAULT_SOURCE -D_XOPEN_SOURCE=500 conftest.c >&5
configure:11040: $? = 0
configure:11043: test -s conftest.o
configure:11046: $? = 0
configure:11058: result: unistd.h
configure:11085: checking for getcwd
configure:11122: gcc -o conftest -g -O2 -D_DEFAULT_SOURCE -D_XOPEN_SOURCE=500  conftest.c  >&5
configure:11125: $? = 0
configure:11128: test -s conftest
configure:11131: $? = 0
configure:11141: result: yes
configure:11085: checking for mktime
configure:11122: gcc -o conftest -g -O2 -D_DEFAULT_SOURCE -D_XOPEN_SOURCE=500  conftest.c  >&5
configure:11125: $? = 0
configure:11128: test -s conftest
configure:11131: $? = 0
configure:11141: result: yes
configure:11085: checking for strdup
configure:11122: gcc -o conftest -g -O2 -D_DEFAULT_SOURCE -D_XOPEN_SOURCE=500  conftest.c  >&5
configure:11102:6: warning: conflicting types for built-in function 'strdup'; expected 'char *(const char *)' [-Wbuiltin-declaration-mismatch]
11102 |    builtin and then its argument prototype would still apply.  */
      |      ^~~~~~
configure:11125: $? = 0
configure:11128: test -s conftest
configure:11131: $? = 0
configure:11141: result: yes
configure:11085: checking for strerror
configure:11122: gcc -o conftest -g -O2 -D_DEFAULT_SOURCE -D_XOPEN_SOURCE=500  conftest.c  >&5
configure:11125: $? = 0
configure:11128: test -s conftest
configure:11131: $? = 0
configure:11141: result: yes
configure:11085: checking for getlogin
configure:11122: gcc -o conftest -g -O2 -D_DEFAULT_SOURCE -D_XOPEN_SOURCE=500  conftest.c  >&5
configure:11125: $? = 0
configure:11128: test -s conftest
configure:11131: $? = 0
configure:11141: result: yes
configure:11085: checking for sleep
configure:11122: gcc -o conftest -g -O2 -D_DEFAULT_SOURCE -D_XOPEN_SOURCE=500  conftest.c  >&5
configure:11125: $? = 0
configure:11128: test -s conftest
configure:11131: $? = 0
configure:11141: result: yes
configure:11151: checking for lstat
configure:11170: gcc -o conftest -g -O2 -D_DEFAULT_SOURCE -D_XOPEN_SOURCE=500  conftest.c  >&5
configure:11173: $? = 0
configure:11176: test -s conftest
configure:11179: $? = 0
configure:11191: result: yes 
configure:11201: checking for wordexp
configure:11225: gcc -o conftest -g -O2 -D_DEFAULT_SOURCE -D_XOPEN_SOURCE=500  conftest.c  >&5
configure:11228: $? = 0
configure:11231: test -s conftest
configure:11234: $? = 0
configure:11246: result: yes
configure:11256: checking for setlocale()
configure:11277: gcc -o conftest -g -O2 -D_DEFAULT_SOURCE -D_XOPEN_SOURCE=500  conftest.c  >&5
configure:11280: $? = 0
configure:11283: test -s conftest
configure:11286: $? = 0
configure:11298: result: yes
configure:11306: checking for specific curses-directory
configure:11316: result: no
configure:11470: checking for specified curses library type
configure:11514: result: curses
configure:11520: checking for extra include directories
configure:11546: result: no
configure:11556: checking if we have identified curses headers
configure:11600: result: ncurses.h
configure:11614: checking for ncurses.h
configure:11649: result: yes
configure:11659: checking for terminfo header
configure:11717: result: term.h
configure:11749: checking for ncurses version
configure:11815: gcc -o conftest -g -O2 -D_DEFAULT_SOURCE -D_XOPEN_SOURCE=500  conftest.c  >&5
configure:11818: $? = 0
configure:11820: ./conftest
configure:11823: $? = 0
configure:11837: result: 6.5.20240427
configure:11844: checking if we have identified curses libraries
configure:11859: gcc -o conftest -g -O2 -D_DEFAULT_SOURCE -D_XOPEN_SOURCE=500  conftest.c  >&5
/usr/bin/ld: /tmp/cc2l0AFq.o: in function `main':
/home/kali/Desktop/C Practice/C_Projects/ncurses/cdk-5.0-20240331/conftest.c:11852:(.text.startup+0x5): undefined reference to `initscr'
/usr/bin/ld: /home/kali/Desktop/C Practice/C_Projects/ncurses/cdk-5.0-20240331/conftest.c:11852:(.text.startup+0xa): undefined reference to `endwin'
collect2: error: ld returned 1 exit status
configure:11862: $? = 1
configure: failed program was:
#line 11847 "configure"
#include "confdefs.h"
#include <ncurses.h>
int
main (void)
{
initscr(); endwin()
  ;
  return 0;
}
configure:11877: result: no
configure:12136: testing adding /lib64 to library-path ...
configure:12275: checking for tgoto
configure:12312: gcc -o conftest -g -O2 -D_DEFAULT_SOURCE -D_XOPEN_SOURCE=500 -L/lib64  conftest.c  >&5
/usr/bin/ld: /tmp/ccaTNT1o.o: in function `main':
/home/kali/Desktop/C Practice/C_Projects/ncurses/cdk-5.0-20240331/conftest.c:12305:(.text.startup+0x5): undefined reference to `tgoto'
collect2: error: ld returned 1 exit status
configure:12315: $? = 1
configure: failed program was:
#line 12281 "configure"
#include "confdefs.h"
#define tgoto autoconf_temporary
#include <limits.h>	/* least-intrusive standard header which defines gcc2 __stub macros */
#undef tgoto

#ifdef __cplusplus
extern "C"
#endif

/* We use char because int might match the return type of a gcc2
   builtin and then its argument prototype would still apply.  */
char tgoto (void);

int
main (void)
{

/* The GNU C library defines stubs for functions which it implements
    to always fail with ENOSYS.  Some functions are actually named
    something starting with __ and the normal name is an alias.  */
#if defined (__stub_tgoto) || defined (__stub___tgoto)
#error found stub for tgoto
#endif

	return tgoto ();
  ;
  return 0;
}
configure:12331: result: no
configure:12340: checking for tgoto in -lncurses
configure:12367: gcc -o conftest -g -O2 -D_DEFAULT_SOURCE -D_XOPEN_SOURCE=500 -L/lib64  conftest.c -lncurses   >&5
configure:12370: $? = 0
configure:12373: test -s conftest
configure:12376: $? = 0
configure:12387: result: yes
configure:12410: checking if we can link with ncurses library
configure:12425: gcc -o conftest -g -O2 -D_DEFAULT_SOURCE -D_XOPEN_SOURCE=500 -L/lib64  conftest.c -lncurses  >&5
configure:12428: $? = 0
configure:12431: test -s conftest
configure:12434: $? = 0
configure:12443: result: yes
configure:20479: checking for _nc_init_pthreads in -lncurses
configure:20506: gcc -o conftest -g -O2 -D_DEFAULT_SOURCE -D_XOPEN_SOURCE=500 -L/lib64  conftest.c -lncurses  -lncurses  >&5
/usr/bin/ld: /tmp/ccBV6rgF.o: in function `main':
/home/kali/Desktop/C Practice/C_Projects/ncurses/cdk-5.0-20240331/conftest.c:20499:(.text.startup+0x5): undefined reference to `_nc_init_pthreads'
collect2: error: ld returned 1 exit status
configure:20509: $? = 1
configure: failed program was:
#line 20487 "configure"
#include "confdefs.h"

/* Override any gcc2 internal prototype to avoid an error.  */
#ifdef __cplusplus
extern "C"
#endif
/* We use char because int might match the return type of a gcc2
   builtin and then its argument prototype would still apply.  */
char _nc_init_pthreads (void);
int
main (void)
{
_nc_init_pthreads ();
  ;
  return 0;
}
configure:20526: result: no
configure:20570: checking for XXX-config rootname
configure:20578: result: cdk
configure:20581: checking if cdk.h should be in header subdirectory
configure:20591: result: no
configure:20601: checking for header subdirectory
configure:20609: result: cdk
configure:20612: checking for library name
configure:20620: result: cdk
configure:20623: checking if improved const-typing should be used
configure:20633: result: no
configure:20659: checking definition to turn on extended curses functions
configure:20700: gcc -o conftest -g -O2 -D_DEFAULT_SOURCE -D_XOPEN_SOURCE=500 -L/lib64  conftest.c -lncurses  >&5
configure: In function 'main':
configure:20714:2: error: #error prefer to fall-through on the second checks
20714 | cat "conftest.$ac_ext" >&5
      |  ^~~~~
configure:20703: $? = 1
configure: failed program was:
#line 20667 "configure"
#include "confdefs.h"

#include <stdio.h>
#if HAVE_SYS_TYPES_H
# include <sys/types.h>
#endif
#if HAVE_SYS_STAT_H
# include <sys/stat.h>
#endif
#if STDC_HEADERS
# include <stdlib.h>
# include <stddef.h>
#else
# if HAVE_STDLIB_H
#  include <stdlib.h>
# endif
#endif
#if HAVE_STRING_H
# if !STDC_HEADERS && HAVE_MEMORY_H
#  include <memory.h>
# endif
# include <string.h>
#endif
#if HAVE_STRINGS_H
# include <strings.h>
#endif
#if HAVE_INTTYPES_H
# include <inttypes.h>
#else
# if HAVE_STDINT_H
#  include <stdint.h>
# endif
#endif
#if HAVE_UNISTD_H
# include <unistd.h>
#endif
#include <ncurses.h>
int
main (void)
{

#if defined(NCURSES_VERSION_PATCH)
#if (NCURSES_VERSION_PATCH < 20100501) && (NCURSES_VERSION_PATCH >= 20100403)
	#error disallow ncurses versions between 2020/04/03 and 2010/05/01
#endif
#endif
#ifdef NCURSES_WIDECHAR
#error prefer to fall-through on the second checks
#endif
	static char dummy[10];
	cchar_t check;
	int check2 = curs_set((int)sizeof(check));
	long x = winnstr(stdscr, dummy, 5);
	int x1, y1;
	(void)check2;
	getbegyx(stdscr, y1, x1);
	(void)x;
	(void)y1;
	(void)x1;

  ;
  return 0;
}
configure:20745: gcc -o conftest -g -O2 -D_DEFAULT_SOURCE -D_XOPEN_SOURCE=500 -L/lib64  conftest.c -lncurses  >&5
configure:20748: $? = 0
configure:20751: test -s conftest
configure:20754: $? = 0
configure:20768: result: _XOPEN_SOURCE_EXTENDED
configure:20780: checking for term.h
configure:20885: result: term.h
configure:20912: checking for unctrl.h
configure:20947: gcc -c -g -O2 -D_DEFAULT_SOURCE -D_XOPEN_SOURCE=500 -D_XOPEN_SOURCE_EXTENDED conftest.c >&5
configure:20950: $? = 0
configure:20953: test -s conftest.o
configure:20956: $? = 0
configure:20969: result: unctrl.h
configure:21017: checking for Xinitscr
configure:21020: testing Xinitscr ...
configure:21062: gcc -o conftest -g -O2 -D_DEFAULT_SOURCE -D_XOPEN_SOURCE=500 -D_XOPEN_SOURCE_EXTENDED -L/lib64  conftest.c -lncurses  >&5
configure: In function 'main':
configure:21050:20: error: 'Xinitscr' undeclared (first use in this function); did you mean 'initscr'?
21050 | #ifndef ${cf_func}
      |                    ^       
      |                    initscr
configure:21050:20: note: each undeclared identifier is reported only once for each function it appears in
configure:21065: $? = 1
configure: failed program was:
#line 21029 "configure"
#include "confdefs.h"

#ifdef HAVE_XCURSES
#include <xcurses.h>
char * XCursesProgramName = "test";
#else
#include <ncurses.h>
#if defined(NCURSES_VERSION) && defined(HAVE_NCURSESW_TERM_H)
#include <ncursesw/term.h>
#elif defined(NCURSES_VERSION) && defined(HAVE_NCURSES_TERM_H)
#include <ncurses/term.h>
#elif defined(HAVE_TERM_H)
#include <term.h>
#endif
#endif

int
main (void)
{

#ifndef Xinitscr
long foo = (long)(&Xinitscr);
fprintf(stderr, "testing linkage of Xinitscr:%p\n", (void *)foo);
if (foo + 1234L > 5678L)
	return(foo != 0);
#endif

  ;
  return 0;
}
configure:21087: result: no
configure:21017: checking for getbegx
configure:21020: testing getbegx ...
configure:21062: gcc -o conftest -g -O2 -D_DEFAULT_SOURCE -D_XOPEN_SOURCE=500 -D_XOPEN_SOURCE_EXTENDED -L/lib64  conftest.c -lncurses  >&5
configure:21065: $? = 0
configure:21068: test -s conftest
configure:21071: $? = 0
configure:21087: result: yes
configure:21017: checking for getbegy
configure:21020: testing getbegy ...
configure:21062: gcc -o conftest -g -O2 -D_DEFAULT_SOURCE -D_XOPEN_SOURCE=500 -D_XOPEN_SOURCE_EXTENDED -L/lib64  conftest.c -lncurses  >&5
configure:21065: $? = 0
configure:21068: test -s conftest
configure:21071: $? = 0
configure:21087: result: yes
configure:21017: checking for getmaxx
configure:21020: testing getmaxx ...
configure:21062: gcc -o conftest -g -O2 -D_DEFAULT_SOURCE -D_XOPEN_SOURCE=500 -D_XOPEN_SOURCE_EXTENDED -L/lib64  conftest.c -lncurses  >&5
configure:21065: $? = 0
configure:21068: test -s conftest
configure:21071: $? = 0
configure:21087: result: yes
configure:21017: checking for getmaxy
configure:21020: testing getmaxy ...
configure:21062: gcc -o conftest -g -O2 -D_DEFAULT_SOURCE -D_XOPEN_SOURCE=500 -D_XOPEN_SOURCE_EXTENDED -L/lib64  conftest.c -lncurses  >&5
configure:21065: $? = 0
configure:21068: test -s conftest
configure:21071: $? = 0
configure:21087: result: yes
configure:21017: checking for mvwin
configure:21020: testing mvwin ...
configure:21062: gcc -o conftest -g -O2 -D_DEFAULT_SOURCE -D_XOPEN_SOURCE=500 -D_XOPEN_SOURCE_EXTENDED -L/lib64  conftest.c -lncurses  >&5
configure:21065: $? = 0
configure:21068: test -s conftest
configure:21071: $? = 0
configure:21087: result: yes
configure:21017: checking for start_color
configure:21020: testing start_color ...
configure:21062: gcc -o conftest -g -O2 -D_DEFAULT_SOURCE -D_XOPEN_SOURCE=500 -D_XOPEN_SOURCE_EXTENDED -L/lib64  conftest.c -lncurses  >&5
configure:21065: $? = 0
configure:21068: test -s conftest
configure:21071: $? = 0
configure:21087: result: yes
configure:21212: checking how to define setbegyx
configure:21237: gcc -c -g -O2 -D_DEFAULT_SOURCE -D_XOPEN_SOURCE=500 -D_XOPEN_SOURCE_EXTENDED conftest.c >&5
configure: In function 'main':
configure:21228:33: error: invalid use of incomplete typedef 'WINDOW' {aka 'struct _win_st'}
21228 | WINDOW *win = 0;
      |                                 ^ 
configure:21229:1: note: in expansion of macro 'setbegyx'
21229 | #define setbegyx(win,y,x) $cf_check
      | ^~~~~~~~
configure:21228:53: error: invalid use of incomplete typedef 'WINDOW' {aka 'struct _win_st'}
21228 | WINDOW *win = 0;
      |                                                     ^ 
configure:21229:1: note: in expansion of macro 'setbegyx'
21229 | #define setbegyx(win,y,x) $cf_check
      | ^~~~~~~~
configure:21240: $? = 1
configure: failed program was:
#line 21219 "configure"
#include "confdefs.h"

#include <ncurses.h>

int
main (void)
{

WINDOW *win = 0;
#define setbegyx(win,y,x) ((win)->_begy = (y), (win)->_begx = (x), OK)
setbegyx(win, 2, 3);

  ;
  return 0;
}
configure:21255: result: "ERR"
configure:21373: creating ./config.status

## ----------------------- ##
## Running config.status.  ##
## ----------------------- ##

This file was extended by config.status 2.52.20231210, executed with
  CONFIG_FILES    = 
  CONFIG_HEADERS  = 
  CONFIG_LINKS    = 
  CONFIG_COMMANDS = 
  > "./config.status "
on kali

config.status:21968: creating cdk-config
config.status:21968: creating headers
config.status:21968: creating include/cdk_version.h
config.status:21968: creating Makefile
config.status:21968: creating cli/Makefile
config.status:21968: creating examples/Makefile
config.status:21968: creating demos/Makefile
config.status:22129: creating include/cdk_config.h

## ----------------- ##
## Cache variables.  ##
## ----------------- ##

ac_cv_build='x86_64-pc-linux-gnu'
ac_cv_build_alias='x86_64-pc-linux-gnu'
ac_cv_c_compiler_gnu='yes'
ac_cv_env_CC_set=''
ac_cv_env_CC_value=''
ac_cv_env_CFLAGS_set=''
ac_cv_env_CFLAGS_value=''
ac_cv_env_CPPFLAGS_set=''
ac_cv_env_CPPFLAGS_value=''
ac_cv_env_CPP_set=''
ac_cv_env_CPP_value=''
ac_cv_env_LDFLAGS_set=''
ac_cv_env_LDFLAGS_value=''
ac_cv_env_build_alias_set=''
ac_cv_env_build_alias_value=''
ac_cv_env_host_alias_set=''
ac_cv_env_host_alias_value=''
ac_cv_env_target_alias_set=''
ac_cv_env_target_alias_value=''
ac_cv_func_getcwd='yes'
ac_cv_func_getlogin='yes'
ac_cv_func_lstat='yes'
ac_cv_func_mktime='yes'
ac_cv_func_sleep='yes'
ac_cv_func_strdup='yes'
ac_cv_func_strerror='yes'
ac_cv_func_tgoto='no'
ac_cv_func_wordexp='yes'
ac_cv_have_decl_exit='yes'
ac_cv_header_dirent_dirent_h='yes'
ac_cv_header_getopt_h='yes'
ac_cv_header_grp_h='yes'
ac_cv_header_inttypes_h='yes'
ac_cv_header_limits_h='yes'
ac_cv_header_memory_h='yes'
ac_cv_header_ncurses_h='yes'
ac_cv_header_pwd_h='yes'
ac_cv_header_stdc='yes'
ac_cv_header_stdint_h='yes'
ac_cv_header_stdlib_h='yes'
ac_cv_header_string_h='yes'
ac_cv_header_strings_h='yes'
ac_cv_header_sys_stat_h='yes'
ac_cv_header_sys_types_h='yes'
ac_cv_header_unistd_h='yes'
ac_cv_host='x86_64-pc-linux-gnu'
ac_cv_host_alias='x86_64-pc-linux-gnu'
ac_cv_lib_dir_opendir='no'
ac_cv_lib_ncurses____nc_init_pthreads='no'
ac_cv_lib_ncurses___tgoto='yes'
ac_cv_objext='o'
ac_cv_path_EGREP='grep -E'
ac_cv_path_FGREP='grep -F'
ac_cv_path_ac_pt_PKG_CONFIG='none'
ac_cv_path_install='/usr/bin/install -c'
ac_cv_prog_CPP='gcc -E'
ac_cv_prog_GREP='grep'
ac_cv_prog_MAKE_LOWER_TAGS='no'
ac_cv_prog_MAKE_UPPER_TAGS='no'
ac_cv_prog_ac_ct_AR='ar'
ac_cv_prog_ac_ct_CC='gcc'
ac_cv_prog_ac_ct_RANLIB='ranlib'
ac_cv_prog_cc_g='yes'
ac_cv_prog_cc_stdc=''
ac_cv_prog_make_make_set='yes'
ac_cv_struct_tm='time.h'
ac_cv_type_mode_t='yes'
cf_cv_abi_default='0'
cf_cv_abi_version='0'
cf_cv_c11_noreturn='no,'
cf_cv_chtype_decl='yes'
cf_cv_chtype_type='scalar'
cf_cv_curses_dir='no'
cf_cv_curses_incdir='no'
cf_cv_enable_rpath='no'
cf_cv_func_Xinitscr='no'
cf_cv_func_getbegx='yes'
cf_cv_func_getbegy='yes'
cf_cv_func_getmaxx='yes'
cf_cv_func_getmaxy='yes'
cf_cv_func_mvwin='yes'
cf_cv_func_start_color='yes'
cf_cv_getopt_header='unistd.h'
cf_cv_gnu_dftsrc_219='yes'
cf_cv_gnu_library='yes'
cf_cv_gnu_library_219='yes'
cf_cv_locale='yes'
cf_cv_make_PHONY='yes'
cf_cv_makeflags=''
cf_cv_mixedcase='yes'
cf_cv_ncurses_header='ncurses.h'
cf_cv_ncurses_pthreads='no'
cf_cv_ncurses_version='6.5.20240427'
cf_cv_need_xopen_extension='_XOPEN_SOURCE_EXTENDED'
cf_cv_pic_hack='no'
cf_cv_posix_visible='no'
cf_cv_rel_version='5.0'
cf_cv_screen='curses'
cf_cv_system_name='linux-gnu'
cf_cv_term_header='term.h'
cf_cv_unctrl_header='unctrl.h'

## ------------ ##
## confdefs.h.  ##
## ------------ ##

#define SYSTEM_NAME "linux-gnu"
#define PACKAGE "cdk"
#define CDK_VERSION "5.0"
#define CDK_PATCHDATE 20240331
#define MIXEDCASE_FILENAMES 1
#define STDC_HEADERS 1
#define HAVE_SYS_TYPES_H 1
#define HAVE_SYS_STAT_H 1
#define HAVE_STDLIB_H 1
#define HAVE_STRING_H 1
#define HAVE_MEMORY_H 1
#define HAVE_STRINGS_H 1
#define HAVE_INTTYPES_H 1
#define HAVE_STDINT_H 1
#define HAVE_UNISTD_H 1
#define HAVE_DIRENT_H 1
#define HAVE_LIMITS_H 1
#define HAVE_PWD_H 1
#define HAVE_GRP_H 1
#define HAVE_NCURSES_H 1
#define HAVE_TERM_H 1
#define HAVE_TYPE_CHTYPE 1
#define TYPE_CHTYPE_IS_SCALAR 1
#define HAVE_UNISTD_H 1
#define HAVE_GETOPT_H 1
#define HAVE_GETOPT_HEADER 1
#define HAVE_GETCWD 1
#define HAVE_MKTIME 1
#define HAVE_STRDUP 1
#define HAVE_STRERROR 1
#define HAVE_GETLOGIN 1
#define HAVE_SLEEP 1
#define HAVE_LSTAT 1
#define HAVE_WORDEXP 1
#define HAVE_SETLOCALE 1
#define HAVE_NCURSES_H 1
#define HAVE_TERM_H 1
#define NCURSES 1
#define CDK_CONST /*nothing*/
#define CDK_CSTRING CDK_CONST char *
#define CDK_CSTRING2 CDK_CONST char * CDK_CONST *
#define HAVE_TERM_H 1
#define HAVE_UNCTRL_H 1
#define HAVE_GETBEGX 1
#define HAVE_GETBEGY 1
#define HAVE_GETMAXX 1
#define HAVE_GETMAXY 1
#define HAVE_MVWIN 1
#define HAVE_START_COLOR 1


configure: exit 0
